::1 - - [22/Jan/2024:08:50:47 +0800] "GET / HTTP/1.1" 200 7812
::1 - - [22/Jan/2024:08:50:47 +0800] "GET /lib/layui-v2.6.3/css/layui.css HTTP/1.1" 200 79763
::1 - - [22/Jan/2024:08:50:47 +0800] "GET /css/layuimini.css?v=2.0.4.2 HTTP/1.1" 200 20611
::1 - - [22/Jan/2024:08:50:47 +0800] "GET /css/themes/default.css HTTP/1.1" 200 4187
::1 - - [22/Jan/2024:08:50:47 +0800] "GET /lib/font-awesome-4.7.0/css/font-awesome.min.css HTTP/1.1" 200 31000
::1 - - [22/Jan/2024:08:50:47 +0800] "GET /js/lay-config.js?v=2.0.0 HTTP/1.1" 200 1181
::1 - - [22/Jan/2024:08:50:47 +0800] "GET /lib/layui-v2.6.3/layui.js HTTP/1.1" 200 285513
::1 - - [22/Jan/2024:08:50:47 +0800] "GET /lib/layui-v2.6.3/font/iconfont.woff2?v=256 HTTP/1.1" 200 25964
::1 - - [22/Jan/2024:08:50:47 +0800] "GET /lib/font-awesome-4.7.0/fonts/fontawesome-webfont.woff2?v=4.7.0 HTTP/1.1" 200 77160
::1 - - [22/Jan/2024:08:50:47 +0800] "GET /lib/layui-v2.6.3/css/modules/laydate/default/laydate.css?v=5.2.1 HTTP/1.1" 200 7122
::1 - - [22/Jan/2024:08:50:47 +0800] "GET /lib/layui-v2.6.3/css/modules/layer/default/layer.css?v=3.3.0 HTTP/1.1" 200 14345
::1 - - [22/Jan/2024:08:50:47 +0800] "GET /lib/layui-v2.6.3/css/modules/code.css?v=1 HTTP/1.1" 200 1319
::1 - - [22/Jan/2024:08:50:47 +0800] "GET /js/lay-module/layuimini/miniAdmin.js?v=1705884647971 HTTP/1.1" 200 14346
::1 - - [22/Jan/2024:08:50:47 +0800] "GET /js/lay-module/layuimini/miniMenu.js?v=1705884647988 HTTP/1.1" 200 11491
::1 - - [22/Jan/2024:08:50:47 +0800] "GET /js/lay-module/layuimini/miniTab.js?v=1705884647991 HTTP/1.1" 200 23281
::1 - - [22/Jan/2024:08:50:47 +0800] "GET /js/lay-module/layuimini/miniTheme.js?v=1705884647994 HTTP/1.1" 200 30854
::1 - - [22/Jan/2024:08:50:48 +0800] "GET /js/lay-module/layuimini/miniTongji.js?v=1705884648004 HTTP/1.1" 200 1135
::1 - - [22/Jan/2024:08:50:48 +0800] "GET /images/favicon.ico HTTP/1.1" 200 4286
::1 - - [22/Jan/2024:08:50:48 +0800] "GET /api/init.json HTTP/1.1" 200 6379
::1 - - [22/Jan/2024:08:50:48 +0800] "GET /page/welcome-1.html?t=1 HTTP/1.1" 200 28845
::1 - - [22/Jan/2024:08:50:48 +0800] "GET /images/logo.png HTTP/1.1" 200 76190
::1 - - [22/Jan/2024:08:50:48 +0800] "GET /css/public.css HTTP/1.1" 200 1379
::1 - - [22/Jan/2024:08:50:48 +0800] "GET /js/lay-config.js?v=1.0.4 HTTP/1.1" 200 1181
::1 - - [22/Jan/2024:08:50:48 +0800] "GET /js/lay-module/layuimini/miniTab.js?v=1705884648144 HTTP/1.1" 200 23281
::1 - - [22/Jan/2024:08:50:48 +0800] "GET /js/lay-module/echarts/echarts.js?v=1705884648151 HTTP/1.1" 200 437661
::1 - - [22/Jan/2024:08:50:48 +0800] "GET /js/lay-module/echarts/echartsTheme.js?v=1705884648193 HTTP/1.1" 200 15295
::1 - - [22/Jan/2024:08:50:57 +0800] "GET /lib/layui-v2.6.3/css/modules/layer/default/loading-0.gif HTTP/1.1" 200 5793
::1 - - [22/Jan/2024:08:50:57 +0800] "GET /page/menu.html HTTP/1.1" 200 3800
::1 - - [22/Jan/2024:08:50:57 +0800] "GET /js/lay-module/treetable-lay/treetable.js?v=1705884657715 HTTP/1.1" 200 7658
::1 - - [22/Jan/2024:08:50:57 +0800] "GET /js/lay-module/treetable-lay/treetable.css HTTP/1.1" 200 294
::1 - - [22/Jan/2024:08:50:57 +0800] "GET /lib/layui-v2.6.3/css/modules/layer/default/loading-2.gif HTTP/1.1" 200 1787
::1 - - [22/Jan/2024:08:50:57 +0800] "GET /api/menus.json HTTP/1.1" 200 6274
::1 - - [22/Jan/2024:08:51:00 +0800] "GET /page/setting.html HTTP/1.1" 200 5082
::1 - - [22/Jan/2024:08:51:02 +0800] "GET /page/table.html HTTP/1.1" 200 7316
::1 - - [22/Jan/2024:08:51:02 +0800] "GET /api/table.json?page=1&limit=15 HTTP/1.1" 200 2552
::1 - - [22/Jan/2024:08:51:07 +0800] "GET /page/login-1.html HTTP/1.1" 200 5417
::1 - - [22/Jan/2024:08:51:07 +0800] "GET /images/captcha.jpg HTTP/1.1" 200 2493
::1 - - [22/Jan/2024:08:51:07 +0800] "GET /lib/jquery-3.4.1/jquery-3.4.1.min.js HTTP/1.1" 200 88145
::1 - - [22/Jan/2024:08:51:07 +0800] "GET /lib/jq-module/jquery.particleground.min.js HTTP/1.1" 200 10429
::1 - - [22/Jan/2024:08:51:07 +0800] "GET /favicon.ico HTTP/1.1" 404 196
::1 - - [22/Jan/2024:08:51:13 +0800] "GET /page/login-1.html HTTP/1.1" 304 -
::1 - - [22/Jan/2024:08:51:14 +0800] "GET /page/login-1.html HTTP/1.1" 304 -
::1 - - [22/Jan/2024:08:51:20 +0800] "GET /page/login-2.html HTTP/1.1" 200 4460
::1 - - [22/Jan/2024:08:51:20 +0800] "GET /images/bg.jpg HTTP/1.1" 200 26174
::1 - - [22/Jan/2024:08:51:28 +0800] "GET /page/login-3.html HTTP/1.1" 200 9280
::1 - - [22/Jan/2024:08:51:28 +0800] "GET /images/loginbg.png HTTP/1.1" 200 687033
::1 - - [22/Jan/2024:08:51:28 +0800] "GET /images/icon-login.png HTTP/1.1" 200 2791
::1 - - [22/Jan/2024:08:51:43 +0800] "GET /index.html HTTP/1.1" 200 7812
::1 - - [22/Jan/2024:08:51:43 +0800] "GET /js/lay-module/layuimini/miniAdmin.js?v=1705884703848 HTTP/1.1" 200 14346
::1 - - [22/Jan/2024:08:51:43 +0800] "GET /js/lay-module/layuimini/miniMenu.js?v=1705884703864 HTTP/1.1" 200 11491
::1 - - [22/Jan/2024:08:51:43 +0800] "GET /js/lay-module/layuimini/miniTab.js?v=1705884703868 HTTP/1.1" 200 23281
::1 - - [22/Jan/2024:08:51:43 +0800] "GET /js/lay-module/layuimini/miniTheme.js?v=1705884703870 HTTP/1.1" 200 30854
::1 - - [22/Jan/2024:08:51:43 +0800] "GET /js/lay-module/layuimini/miniTongji.js?v=1705884703875 HTTP/1.1" 200 1135
::1 - - [22/Jan/2024:08:51:43 +0800] "GET /js/lay-module/layuimini/miniTab.js?v=1705884703910 HTTP/1.1" 200 23281
::1 - - [22/Jan/2024:08:51:43 +0800] "GET /js/lay-module/echarts/echarts.js?v=1705884703922 HTTP/1.1" 200 437661
::1 - - [22/Jan/2024:08:51:43 +0800] "GET /js/lay-module/echarts/echartsTheme.js?v=1705884703952 HTTP/1.1" 200 15295
